<?xml version="1.0" encoding="UTF-8"?>
<testsuite name="com.ex1.springboot.web.web.HelloControllerTest" tests="2" skipped="0" failures="0" errors="0" timestamp="2020-03-04T12:28:51" hostname="DESKTOP-OMGH11V" time="0.409">
  <properties/>
  <testcase name="hello가_리턴된다" classname="com.ex1.springboot.web.web.HelloControllerTest" time="0.316"/>
  <testcase name="helloDto가_리턴된다" classname="com.ex1.springboot.web.web.HelloControllerTest" time="0.092"/>
  <system-out><![CDATA[21:28:48.446 [Test worker] DEBUG org.springframework.test.context.junit4.SpringJUnit4ClassRunner - SpringJUnit4ClassRunner constructor called with [class com.ex1.springboot.web.web.HelloControllerTest]
21:28:48.454 [Test worker] DEBUG org.springframework.test.context.BootstrapUtils - Instantiating CacheAwareContextLoaderDelegate from class [org.springframework.test.context.cache.DefaultCacheAwareContextLoaderDelegate]
21:28:48.465 [Test worker] DEBUG org.springframework.test.context.BootstrapUtils - Instantiating BootstrapContext using constructor [public org.springframework.test.context.support.DefaultBootstrapContext(java.lang.Class,org.springframework.test.context.CacheAwareContextLoaderDelegate)]
21:28:48.487 [Test worker] DEBUG org.springframework.test.context.BootstrapUtils - Instantiating TestContextBootstrapper for test class [com.ex1.springboot.web.web.HelloControllerTest] from class [org.springframework.boot.test.autoconfigure.web.servlet.WebMvcTestContextBootstrapper]
21:28:48.510 [Test worker] INFO org.springframework.boot.test.autoconfigure.web.servlet.WebMvcTestContextBootstrapper - Neither @ContextConfiguration nor @ContextHierarchy found for test class [com.ex1.springboot.web.web.HelloControllerTest], using SpringBootContextLoader
21:28:48.514 [Test worker] DEBUG org.springframework.test.context.support.AbstractContextLoader - Did not detect default resource location for test class [com.ex1.springboot.web.web.HelloControllerTest]: class path resource [com/ex1/springboot/web/web/HelloControllerTest-context.xml] does not exist
21:28:48.515 [Test worker] DEBUG org.springframework.test.context.support.AbstractContextLoader - Did not detect default resource location for test class [com.ex1.springboot.web.web.HelloControllerTest]: class path resource [com/ex1/springboot/web/web/HelloControllerTestContext.groovy] does not exist
21:28:48.515 [Test worker] INFO org.springframework.test.context.support.AbstractContextLoader - Could not detect default resource locations for test class [com.ex1.springboot.web.web.HelloControllerTest]: no resource found for suffixes {-context.xml, Context.groovy}.
21:28:48.516 [Test worker] INFO org.springframework.test.context.support.AnnotationConfigContextLoaderUtils - Could not detect default configuration classes for test class [com.ex1.springboot.web.web.HelloControllerTest]: HelloControllerTest does not declare any static, non-private, non-final, nested classes annotated with @Configuration.
21:28:48.595 [Test worker] DEBUG org.springframework.test.context.support.ActiveProfilesUtils - Could not find an 'annotation declaring class' for annotation type [org.springframework.test.context.ActiveProfiles] and class [com.ex1.springboot.web.web.HelloControllerTest]
21:28:48.684 [Test worker] DEBUG org.springframework.context.annotation.ClassPathScanningCandidateComponentProvider - Identified candidate component class: file [C:\Users\김주열\IdeaProjects\ex1\build\classes\java\main\com\ex1\springboot\Application.class]
21:28:48.685 [Test worker] INFO org.springframework.boot.test.context.SpringBootTestContextBootstrapper - Found @SpringBootConfiguration com.ex1.springboot.Application for test class com.ex1.springboot.web.web.HelloControllerTest
21:28:48.687 [Test worker] DEBUG org.springframework.boot.test.autoconfigure.web.servlet.WebMvcTestContextBootstrapper - @TestExecutionListeners is not present for class [com.ex1.springboot.web.web.HelloControllerTest]: using defaults.
21:28:48.688 [Test worker] INFO org.springframework.boot.test.autoconfigure.web.servlet.WebMvcTestContextBootstrapper - Loaded default TestExecutionListener class names from location [META-INF/spring.factories]: [org.springframework.security.test.context.support.WithSecurityContextTestExecutionListener, org.springframework.security.test.context.support.ReactorContextTestExecutionListener, org.springframework.boot.test.autoconfigure.restdocs.RestDocsTestExecutionListener, org.springframework.boot.test.autoconfigure.web.client.MockRestServiceServerResetTestExecutionListener, org.springframework.boot.test.autoconfigure.web.servlet.MockMvcPrintOnlyOnFailureTestExecutionListener, org.springframework.boot.test.autoconfigure.web.servlet.WebDriverTestExecutionListener, org.springframework.boot.test.mock.mockito.MockitoTestExecutionListener, org.springframework.boot.test.mock.mockito.ResetMocksTestExecutionListener, org.springframework.test.context.web.ServletTestExecutionListener, org.springframework.test.context.support.DirtiesContextBeforeModesTestExecutionListener, org.springframework.test.context.support.DependencyInjectionTestExecutionListener, org.springframework.test.context.support.DirtiesContextTestExecutionListener, org.springframework.test.context.transaction.TransactionalTestExecutionListener, org.springframework.test.context.jdbc.SqlScriptsTestExecutionListener]
21:28:48.718 [Test worker] INFO org.springframework.boot.test.autoconfigure.web.servlet.WebMvcTestContextBootstrapper - Using TestExecutionListeners: [org.springframework.test.context.web.ServletTestExecutionListener@383c1976, org.springframework.test.context.support.DirtiesContextBeforeModesTestExecutionListener@48f8dc33, org.springframework.boot.test.mock.mockito.MockitoTestExecutionListener@525d9e69, org.springframework.boot.test.autoconfigure.SpringBootDependencyInjectionTestExecutionListener@252d4adc, org.springframework.test.context.support.DirtiesContextTestExecutionListener@7d0200a6, org.springframework.test.context.transaction.TransactionalTestExecutionListener@73955271, org.springframework.test.context.jdbc.SqlScriptsTestExecutionListener@4d0534bc, org.springframework.security.test.context.support.WithSecurityContextTestExecutionListener@2b1fc6a, org.springframework.security.test.context.support.ReactorContextTestExecutionListener@6fdbcbaa, org.springframework.boot.test.autoconfigure.restdocs.RestDocsTestExecutionListener@36841afa, org.springframework.boot.test.autoconfigure.web.client.MockRestServiceServerResetTestExecutionListener@52c06842, org.springframework.boot.test.autoconfigure.web.servlet.MockMvcPrintOnlyOnFailureTestExecutionListener@5f1f8cdc, org.springframework.boot.test.autoconfigure.web.servlet.WebDriverTestExecutionListener@6e289a0e, org.springframework.boot.test.mock.mockito.ResetMocksTestExecutionListener@786d1efb]
21:28:48.722 [Test worker] DEBUG org.springframework.test.annotation.ProfileValueUtils - Retrieved @ProfileValueSourceConfiguration [null] for test class [com.ex1.springboot.web.web.HelloControllerTest]
21:28:48.722 [Test worker] DEBUG org.springframework.test.annotation.ProfileValueUtils - Retrieved ProfileValueSource type [class org.springframework.test.annotation.SystemProfileValueSource] for class [com.ex1.springboot.web.web.HelloControllerTest]
21:28:48.723 [Test worker] DEBUG org.springframework.test.annotation.ProfileValueUtils - Retrieved @ProfileValueSourceConfiguration [null] for test class [com.ex1.springboot.web.web.HelloControllerTest]
21:28:48.723 [Test worker] DEBUG org.springframework.test.annotation.ProfileValueUtils - Retrieved ProfileValueSource type [class org.springframework.test.annotation.SystemProfileValueSource] for class [com.ex1.springboot.web.web.HelloControllerTest]
21:28:48.729 [Test worker] DEBUG org.springframework.test.context.support.AbstractDirtiesContextTestExecutionListener - Before test class: context [DefaultTestContext@3326c54b testClass = HelloControllerTest, testInstance = [null], testMethod = [null], testException = [null], mergedContextConfiguration = [WebMergedContextConfiguration@a384b71 testClass = HelloControllerTest, locations = '{}', classes = '{class com.ex1.springboot.Application}', contextInitializerClasses = '[]', activeProfiles = '{}', propertySourceLocations = '{}', propertySourceProperties = '{org.springframework.boot.test.autoconfigure.web.servlet.WebMvcTestContextBootstrapper=true}', contextCustomizers = set[org.springframework.boot.test.autoconfigure.OverrideAutoConfigurationContextCustomizerFactory$DisableAutoConfigurationContextCustomizer@6a611d4, org.springframework.boot.test.autoconfigure.filter.TypeExcludeFiltersContextCustomizer@f4369f47, org.springframework.boot.test.autoconfigure.properties.PropertyMappingContextCustomizer@8d5f56e, org.springframework.boot.test.autoconfigure.web.servlet.WebDriverContextCustomizerFactory$Customizer@516c7595, [ImportsContextCustomizer@68a95ecc key = [org.springframework.boot.autoconfigure.cache.CacheAutoConfiguration, org.springframework.boot.autoconfigure.context.MessageSourceAutoConfiguration, org.springframework.boot.autoconfigure.data.web.SpringDataWebAutoConfiguration, org.springframework.boot.autoconfigure.freemarker.FreeMarkerAutoConfiguration, org.springframework.boot.autoconfigure.groovy.template.GroovyTemplateAutoConfiguration, org.springframework.boot.autoconfigure.gson.GsonAutoConfiguration, org.springframework.boot.autoconfigure.hateoas.HypermediaAutoConfiguration, org.springframework.boot.autoconfigure.http.HttpMessageConvertersAutoConfiguration, org.springframework.boot.autoconfigure.jackson.JacksonAutoConfiguration, org.springframework.boot.autoconfigure.jsonb.JsonbAutoConfiguration, org.springframework.boot.autoconfigure.mustache.MustacheAutoConfiguration, org.springframework.boot.autoconfigure.task.TaskExecutionAutoConfiguration, org.springframework.boot.autoconfigure.thymeleaf.ThymeleafAutoConfiguration, org.springframework.boot.autoconfigure.validation.ValidationAutoConfiguration, org.springframework.boot.autoconfigure.web.servlet.error.ErrorMvcAutoConfiguration, org.springframework.boot.autoconfigure.web.servlet.WebMvcAutoConfiguration, org.springframework.boot.test.autoconfigure.web.servlet.MockMvcAutoConfiguration, org.springframework.boot.test.autoconfigure.web.servlet.MockMvcSecurityAutoConfiguration, org.springframework.boot.test.autoconfigure.web.servlet.MockMvcWebClientAutoConfiguration, org.springframework.boot.test.autoconfigure.web.servlet.MockMvcWebDriverAutoConfiguration]], org.springframework.boot.test.context.filter.ExcludeFilterContextCustomizer@fb257d0, org.springframework.boot.test.json.DuplicateJsonObjectContextCustomizerFactory$DuplicateJsonObjectContextCustomizer@1aadf362, org.springframework.boot.test.mock.mockito.MockitoContextCustomizer@0], resourceBasePath = 'src/main/webapp', contextLoader = 'org.springframework.boot.test.context.SpringBootContextLoader', parent = [null]], attributes = map[[empty]]], class annotated with @DirtiesContext [false] with mode [null].
21:28:48.730 [Test worker] DEBUG org.springframework.test.annotation.ProfileValueUtils - Retrieved @ProfileValueSourceConfiguration [null] for test class [com.ex1.springboot.web.web.HelloControllerTest]
21:28:48.730 [Test worker] DEBUG org.springframework.test.annotation.ProfileValueUtils - Retrieved ProfileValueSource type [class org.springframework.test.annotation.SystemProfileValueSource] for class [com.ex1.springboot.web.web.HelloControllerTest]
21:28:48.736 [Test worker] DEBUG org.springframework.test.context.support.DependencyInjectionTestExecutionListener - Performing dependency injection for test context [[DefaultTestContext@3326c54b testClass = HelloControllerTest, testInstance = com.ex1.springboot.web.web.HelloControllerTest@476814e6, testMethod = [null], testException = [null], mergedContextConfiguration = [WebMergedContextConfiguration@a384b71 testClass = HelloControllerTest, locations = '{}', classes = '{class com.ex1.springboot.Application}', contextInitializerClasses = '[]', activeProfiles = '{}', propertySourceLocations = '{}', propertySourceProperties = '{org.springframework.boot.test.autoconfigure.web.servlet.WebMvcTestContextBootstrapper=true}', contextCustomizers = set[org.springframework.boot.test.autoconfigure.OverrideAutoConfigurationContextCustomizerFactory$DisableAutoConfigurationContextCustomizer@6a611d4, org.springframework.boot.test.autoconfigure.filter.TypeExcludeFiltersContextCustomizer@f4369f47, org.springframework.boot.test.autoconfigure.properties.PropertyMappingContextCustomizer@8d5f56e, org.springframework.boot.test.autoconfigure.web.servlet.WebDriverContextCustomizerFactory$Customizer@516c7595, [ImportsContextCustomizer@68a95ecc key = [org.springframework.boot.autoconfigure.cache.CacheAutoConfiguration, org.springframework.boot.autoconfigure.context.MessageSourceAutoConfiguration, org.springframework.boot.autoconfigure.data.web.SpringDataWebAutoConfiguration, org.springframework.boot.autoconfigure.freemarker.FreeMarkerAutoConfiguration, org.springframework.boot.autoconfigure.groovy.template.GroovyTemplateAutoConfiguration, org.springframework.boot.autoconfigure.gson.GsonAutoConfiguration, org.springframework.boot.autoconfigure.hateoas.HypermediaAutoConfiguration, org.springframework.boot.autoconfigure.http.HttpMessageConvertersAutoConfiguration, org.springframework.boot.autoconfigure.jackson.JacksonAutoConfiguration, org.springframework.boot.autoconfigure.jsonb.JsonbAutoConfiguration, org.springframework.boot.autoconfigure.mustache.MustacheAutoConfiguration, org.springframework.boot.autoconfigure.task.TaskExecutionAutoConfiguration, org.springframework.boot.autoconfigure.thymeleaf.ThymeleafAutoConfiguration, org.springframework.boot.autoconfigure.validation.ValidationAutoConfiguration, org.springframework.boot.autoconfigure.web.servlet.error.ErrorMvcAutoConfiguration, org.springframework.boot.autoconfigure.web.servlet.WebMvcAutoConfiguration, org.springframework.boot.test.autoconfigure.web.servlet.MockMvcAutoConfiguration, org.springframework.boot.test.autoconfigure.web.servlet.MockMvcSecurityAutoConfiguration, org.springframework.boot.test.autoconfigure.web.servlet.MockMvcWebClientAutoConfiguration, org.springframework.boot.test.autoconfigure.web.servlet.MockMvcWebDriverAutoConfiguration]], org.springframework.boot.test.context.filter.ExcludeFilterContextCustomizer@fb257d0, org.springframework.boot.test.json.DuplicateJsonObjectContextCustomizerFactory$DuplicateJsonObjectContextCustomizer@1aadf362, org.springframework.boot.test.mock.mockito.MockitoContextCustomizer@0], resourceBasePath = 'src/main/webapp', contextLoader = 'org.springframework.boot.test.context.SpringBootContextLoader', parent = [null]], attributes = map[[empty]]]].
21:28:48.887 [Test worker] DEBUG org.springframework.test.context.support.TestPropertySourceUtils - Adding inlined properties to environment: {spring.jmx.enabled=false, org.springframework.boot.test.autoconfigure.web.servlet.WebMvcTestContextBootstrapper=true, server.port=-1}

  .   ____          _            __ _ _
 /\\ / ___'_ __ _ _(_)_ __  __ _ \ \ \ \
( ( )\___ | '_ | '_| | '_ \/ _` | \ \ \ \
 \\/  ___)| |_)| | | | | || (_| |  ) ) ) )
  '  |____| .__|_| |_|_| |_\__, | / / / /
 =========|_|==============|___/=/_/_/_/
 :: Spring Boot ::        (v2.1.7.RELEASE)

2020-03-04 21:28:49.214  INFO 30936 --- [    Test worker] c.e.s.web.web.HelloControllerTest        : Starting HelloControllerTest on DESKTOP-OMGH11V with PID 30936 (started by kjy in C:\Users\김주열\IdeaProjects\ex1)
2020-03-04 21:28:49.217  INFO 30936 --- [    Test worker] c.e.s.web.web.HelloControllerTest        : No active profile set, falling back to default profiles: default
2020-03-04 21:28:50.738  INFO 30936 --- [    Test worker] o.s.s.concurrent.ThreadPoolTaskExecutor  : Initializing ExecutorService 'applicationTaskExecutor'
2020-03-04 21:28:50.849  INFO 30936 --- [    Test worker] o.s.b.a.w.s.WelcomePageHandlerMapping    : Adding welcome page template: index
2020-03-04 21:28:51.269  INFO 30936 --- [    Test worker] .s.s.UserDetailsServiceAutoConfiguration : 

Using generated security password: 3e751b05-189a-4fb3-910c-238d53adae94

2020-03-04 21:28:51.602  INFO 30936 --- [    Test worker] o.s.s.web.DefaultSecurityFilterChain     : Creating filter chain: any request, [org.springframework.security.web.context.request.async.WebAsyncManagerIntegrationFilter@17f1b830, org.springframework.security.web.context.SecurityContextPersistenceFilter@18cfc520, org.springframework.security.web.header.HeaderWriterFilter@19685749, org.springframework.security.web.csrf.CsrfFilter@3802fdab, org.springframework.security.web.authentication.logout.LogoutFilter@3ee15100, org.springframework.security.web.authentication.UsernamePasswordAuthenticationFilter@3fdb8283, org.springframework.security.web.authentication.ui.DefaultLoginPageGeneratingFilter@12b6d079, org.springframework.security.web.authentication.ui.DefaultLogoutPageGeneratingFilter@17eb075e, org.springframework.security.web.authentication.www.BasicAuthenticationFilter@2a1b4c47, org.springframework.security.web.savedrequest.RequestCacheAwareFilter@2bb2ba0c, org.springframework.security.web.servletapi.SecurityContextHolderAwareRequestFilter@7a4ce119, org.springframework.security.web.authentication.AnonymousAuthenticationFilter@d372d3d, org.springframework.security.web.session.SessionManagementFilter@6bf70fb, org.springframework.security.web.access.ExceptionTranslationFilter@46e5138f, org.springframework.security.web.access.intercept.FilterSecurityInterceptor@822a119]
2020-03-04 21:28:51.660  INFO 30936 --- [    Test worker] o.s.b.t.m.w.SpringBootMockServletContext : Initializing Spring TestDispatcherServlet ''
2020-03-04 21:28:51.660  INFO 30936 --- [    Test worker] o.s.t.web.servlet.TestDispatcherServlet  : Initializing Servlet ''
2020-03-04 21:28:51.677  INFO 30936 --- [    Test worker] o.s.t.web.servlet.TestDispatcherServlet  : Completed initialization in 17 ms
2020-03-04 21:28:51.731  INFO 30936 --- [    Test worker] c.e.s.web.web.HelloControllerTest        : Started HelloControllerTest in 2.834 seconds (JVM running for 4.095)
]]></system-out>
  <system-err><![CDATA[]]></system-err>
</testsuite>
