<?xml version="1.0" encoding="UTF-8"?>
<testsuite name="com.ex1.springboot.web.domain.posts.PostsRepositoryTest" tests="2" skipped="0" failures="0" errors="0" timestamp="2020-03-04T11:41:55" hostname="DESKTOP-OMGH11V" time="0.298">
  <properties/>
  <testcase name="게시글저장_불러오기" classname="com.ex1.springboot.web.domain.posts.PostsRepositoryTest" time="0.287"/>
  <testcase name="BaseTimeEntity_등록" classname="com.ex1.springboot.web.domain.posts.PostsRepositoryTest" time="0.011"/>
  <system-out><![CDATA[20:41:48.704 [Test worker] DEBUG org.springframework.test.context.junit4.SpringJUnit4ClassRunner - SpringJUnit4ClassRunner constructor called with [class com.ex1.springboot.web.domain.posts.PostsRepositoryTest]
20:41:48.712 [Test worker] DEBUG org.springframework.test.context.BootstrapUtils - Instantiating CacheAwareContextLoaderDelegate from class [org.springframework.test.context.cache.DefaultCacheAwareContextLoaderDelegate]
20:41:48.722 [Test worker] DEBUG org.springframework.test.context.BootstrapUtils - Instantiating BootstrapContext using constructor [public org.springframework.test.context.support.DefaultBootstrapContext(java.lang.Class,org.springframework.test.context.CacheAwareContextLoaderDelegate)]
20:41:48.742 [Test worker] DEBUG org.springframework.test.context.BootstrapUtils - Instantiating TestContextBootstrapper for test class [com.ex1.springboot.web.domain.posts.PostsRepositoryTest] from class [org.springframework.boot.test.context.SpringBootTestContextBootstrapper]
20:41:48.759 [Test worker] INFO org.springframework.boot.test.context.SpringBootTestContextBootstrapper - Neither @ContextConfiguration nor @ContextHierarchy found for test class [com.ex1.springboot.web.domain.posts.PostsRepositoryTest], using SpringBootContextLoader
20:41:48.763 [Test worker] DEBUG org.springframework.test.context.support.AbstractContextLoader - Did not detect default resource location for test class [com.ex1.springboot.web.domain.posts.PostsRepositoryTest]: class path resource [com/ex1/springboot/web/domain/posts/PostsRepositoryTest-context.xml] does not exist
20:41:48.764 [Test worker] DEBUG org.springframework.test.context.support.AbstractContextLoader - Did not detect default resource location for test class [com.ex1.springboot.web.domain.posts.PostsRepositoryTest]: class path resource [com/ex1/springboot/web/domain/posts/PostsRepositoryTestContext.groovy] does not exist
20:41:48.764 [Test worker] INFO org.springframework.test.context.support.AbstractContextLoader - Could not detect default resource locations for test class [com.ex1.springboot.web.domain.posts.PostsRepositoryTest]: no resource found for suffixes {-context.xml, Context.groovy}.
20:41:48.765 [Test worker] INFO org.springframework.test.context.support.AnnotationConfigContextLoaderUtils - Could not detect default configuration classes for test class [com.ex1.springboot.web.domain.posts.PostsRepositoryTest]: PostsRepositoryTest does not declare any static, non-private, non-final, nested classes annotated with @Configuration.
20:41:48.815 [Test worker] DEBUG org.springframework.test.context.support.ActiveProfilesUtils - Could not find an 'annotation declaring class' for annotation type [org.springframework.test.context.ActiveProfiles] and class [com.ex1.springboot.web.domain.posts.PostsRepositoryTest]
20:41:48.925 [Test worker] DEBUG org.springframework.context.annotation.ClassPathScanningCandidateComponentProvider - Identified candidate component class: file [C:\Users\김주열\IdeaProjects\ex1\build\classes\java\main\com\ex1\springboot\Application.class]
20:41:48.926 [Test worker] INFO org.springframework.boot.test.context.SpringBootTestContextBootstrapper - Found @SpringBootConfiguration com.ex1.springboot.Application for test class com.ex1.springboot.web.domain.posts.PostsRepositoryTest
20:41:49.038 [Test worker] DEBUG org.springframework.boot.test.context.SpringBootTestContextBootstrapper - @TestExecutionListeners is not present for class [com.ex1.springboot.web.domain.posts.PostsRepositoryTest]: using defaults.
20:41:49.039 [Test worker] INFO org.springframework.boot.test.context.SpringBootTestContextBootstrapper - Loaded default TestExecutionListener class names from location [META-INF/spring.factories]: [org.springframework.boot.test.autoconfigure.restdocs.RestDocsTestExecutionListener, org.springframework.boot.test.autoconfigure.web.client.MockRestServiceServerResetTestExecutionListener, org.springframework.boot.test.autoconfigure.web.servlet.MockMvcPrintOnlyOnFailureTestExecutionListener, org.springframework.boot.test.autoconfigure.web.servlet.WebDriverTestExecutionListener, org.springframework.boot.test.mock.mockito.MockitoTestExecutionListener, org.springframework.boot.test.mock.mockito.ResetMocksTestExecutionListener, org.springframework.test.context.web.ServletTestExecutionListener, org.springframework.test.context.support.DirtiesContextBeforeModesTestExecutionListener, org.springframework.test.context.support.DependencyInjectionTestExecutionListener, org.springframework.test.context.support.DirtiesContextTestExecutionListener, org.springframework.test.context.transaction.TransactionalTestExecutionListener, org.springframework.test.context.jdbc.SqlScriptsTestExecutionListener]
20:41:49.064 [Test worker] INFO org.springframework.boot.test.context.SpringBootTestContextBootstrapper - Using TestExecutionListeners: [org.springframework.test.context.web.ServletTestExecutionListener@2ef9d756, org.springframework.test.context.support.DirtiesContextBeforeModesTestExecutionListener@2b3cbbda, org.springframework.boot.test.mock.mockito.MockitoTestExecutionListener@29f4382d, org.springframework.boot.test.autoconfigure.SpringBootDependencyInjectionTestExecutionListener@1cbf8ee1, org.springframework.test.context.support.DirtiesContextTestExecutionListener@7c9cb947, org.springframework.test.context.transaction.TransactionalTestExecutionListener@32302f65, org.springframework.test.context.jdbc.SqlScriptsTestExecutionListener@3a0d5c5e, org.springframework.boot.test.autoconfigure.restdocs.RestDocsTestExecutionListener@5aa50578, org.springframework.boot.test.autoconfigure.web.client.MockRestServiceServerResetTestExecutionListener@43eac9ea, org.springframework.boot.test.autoconfigure.web.servlet.MockMvcPrintOnlyOnFailureTestExecutionListener@70929df5, org.springframework.boot.test.autoconfigure.web.servlet.WebDriverTestExecutionListener@20adc015, org.springframework.boot.test.mock.mockito.ResetMocksTestExecutionListener@52d18fbd]
20:41:49.067 [Test worker] DEBUG org.springframework.test.annotation.ProfileValueUtils - Retrieved @ProfileValueSourceConfiguration [null] for test class [com.ex1.springboot.web.domain.posts.PostsRepositoryTest]
20:41:49.068 [Test worker] DEBUG org.springframework.test.annotation.ProfileValueUtils - Retrieved ProfileValueSource type [class org.springframework.test.annotation.SystemProfileValueSource] for class [com.ex1.springboot.web.domain.posts.PostsRepositoryTest]
20:41:49.068 [Test worker] DEBUG org.springframework.test.annotation.ProfileValueUtils - Retrieved @ProfileValueSourceConfiguration [null] for test class [com.ex1.springboot.web.domain.posts.PostsRepositoryTest]
20:41:49.068 [Test worker] DEBUG org.springframework.test.annotation.ProfileValueUtils - Retrieved ProfileValueSource type [class org.springframework.test.annotation.SystemProfileValueSource] for class [com.ex1.springboot.web.domain.posts.PostsRepositoryTest]
20:41:49.074 [Test worker] DEBUG org.springframework.test.context.support.AbstractDirtiesContextTestExecutionListener - Before test class: context [DefaultTestContext@212b14bb testClass = PostsRepositoryTest, testInstance = [null], testMethod = [null], testException = [null], mergedContextConfiguration = [WebMergedContextConfiguration@41e62f3e testClass = PostsRepositoryTest, locations = '{}', classes = '{class com.ex1.springboot.Application}', contextInitializerClasses = '[]', activeProfiles = '{}', propertySourceLocations = '{}', propertySourceProperties = '{org.springframework.boot.test.context.SpringBootTestContextBootstrapper=true}', contextCustomizers = set[org.springframework.boot.test.autoconfigure.properties.PropertyMappingContextCustomizer@0, org.springframework.boot.test.autoconfigure.web.servlet.WebDriverContextCustomizerFactory$Customizer@5b0caff7, org.springframework.boot.test.context.filter.ExcludeFilterContextCustomizer@2d17a134, org.springframework.boot.test.json.DuplicateJsonObjectContextCustomizerFactory$DuplicateJsonObjectContextCustomizer@61372c38, org.springframework.boot.test.mock.mockito.MockitoContextCustomizer@0, org.springframework.boot.test.web.client.TestRestTemplateContextCustomizer@db5d7ab], resourceBasePath = 'src/main/webapp', contextLoader = 'org.springframework.boot.test.context.SpringBootContextLoader', parent = [null]], attributes = map['org.springframework.test.context.web.ServletTestExecutionListener.activateListener' -> true]], class annotated with @DirtiesContext [false] with mode [null].
20:41:49.075 [Test worker] DEBUG org.springframework.test.annotation.ProfileValueUtils - Retrieved @ProfileValueSourceConfiguration [null] for test class [com.ex1.springboot.web.domain.posts.PostsRepositoryTest]
20:41:49.075 [Test worker] DEBUG org.springframework.test.annotation.ProfileValueUtils - Retrieved ProfileValueSource type [class org.springframework.test.annotation.SystemProfileValueSource] for class [com.ex1.springboot.web.domain.posts.PostsRepositoryTest]
20:41:49.107 [Test worker] DEBUG org.springframework.test.context.support.TestPropertySourceUtils - Adding inlined properties to environment: {spring.jmx.enabled=false, org.springframework.boot.test.context.SpringBootTestContextBootstrapper=true, server.port=-1}

  .   ____          _            __ _ _
 /\\ / ___'_ __ _ _(_)_ __  __ _ \ \ \ \
( ( )\___ | '_ | '_| | '_ \/ _` | \ \ \ \
 \\/  ___)| |_)| | | | | || (_| |  ) ) ) )
  '  |____| .__|_| |_|_| |_\__, | / / / /
 =========|_|==============|___/=/_/_/_/
 :: Spring Boot ::        (v2.1.7.RELEASE)

2020-03-04 20:41:49.443  INFO 25668 --- [    Test worker] c.e.s.w.d.posts.PostsRepositoryTest      : Starting PostsRepositoryTest on DESKTOP-OMGH11V with PID 25668 (started by kjy in C:\Users\김주열\IdeaProjects\ex1)
2020-03-04 20:41:49.445  INFO 25668 --- [    Test worker] c.e.s.w.d.posts.PostsRepositoryTest      : The following profiles are active: oauth
2020-03-04 20:41:50.344  INFO 25668 --- [    Test worker] .s.d.r.c.RepositoryConfigurationDelegate : Bootstrapping Spring Data repositories in DEFAULT mode.
2020-03-04 20:41:50.448  INFO 25668 --- [    Test worker] .s.d.r.c.RepositoryConfigurationDelegate : Finished Spring Data repository scanning in 94ms. Found 2 repository interfaces.
2020-03-04 20:41:50.976  INFO 25668 --- [    Test worker] trationDelegate$BeanPostProcessorChecker : Bean 'org.springframework.transaction.annotation.ProxyTransactionManagementConfiguration' of type [org.springframework.transaction.annotation.ProxyTransactionManagementConfiguration$$EnhancerBySpringCGLIB$$d854bb3b] is not eligible for getting processed by all BeanPostProcessors (for example: not eligible for auto-proxying)
2020-03-04 20:41:51.237  INFO 25668 --- [    Test worker] com.zaxxer.hikari.HikariDataSource       : HikariPool-1 - Starting...
2020-03-04 20:41:51.426  INFO 25668 --- [    Test worker] com.zaxxer.hikari.HikariDataSource       : HikariPool-1 - Start completed.
2020-03-04 20:41:51.533  INFO 25668 --- [    Test worker] o.hibernate.jpa.internal.util.LogHelper  : HHH000204: Processing PersistenceUnitInfo [
	name: default
	...]
2020-03-04 20:41:51.627  INFO 25668 --- [    Test worker] org.hibernate.Version                    : HHH000412: Hibernate Core {5.3.10.Final}
2020-03-04 20:41:51.629  INFO 25668 --- [    Test worker] org.hibernate.cfg.Environment            : HHH000206: hibernate.properties not found
2020-03-04 20:41:51.844  INFO 25668 --- [    Test worker] o.hibernate.annotations.common.Version   : HCANN000001: Hibernate Commons Annotations {5.0.4.Final}
2020-03-04 20:41:52.064  INFO 25668 --- [    Test worker] org.hibernate.dialect.Dialect            : HHH000400: Using dialect: org.hibernate.dialect.MySQL5InnoDBDialect
Hibernate: drop table if exists posts
Hibernate: drop table if exists user
Hibernate: create table posts (id bigint not null auto_increment, created_date datetime, modified_date datetime, author varchar(255), content TEXT not null, title varchar(500) not null, primary key (id)) engine=InnoDB
Hibernate: create table user (id bigint not null auto_increment, created_date datetime, modified_date datetime, email varchar(255) not null, name varchar(255) not null, picture varchar(255), role varchar(255) not null, primary key (id)) engine=InnoDB
2020-03-04 20:41:52.946  INFO 25668 --- [    Test worker] o.h.t.schema.internal.SchemaCreatorImpl  : HHH000476: Executing import script 'org.hibernate.tool.schema.internal.exec.ScriptSourceInputNonExistentImpl@53cb42a0'
2020-03-04 20:41:52.952  INFO 25668 --- [    Test worker] j.LocalContainerEntityManagerFactoryBean : Initialized JPA EntityManagerFactory for persistence unit 'default'
2020-03-04 20:41:53.618  INFO 25668 --- [    Test worker] o.h.h.i.QueryTranslatorFactoryInitiator  : HHH000397: Using ASTQueryTranslatorFactory
2020-03-04 20:41:54.302  INFO 25668 --- [    Test worker] o.s.s.web.DefaultSecurityFilterChain     : Creating filter chain: any request, [org.springframework.security.web.context.request.async.WebAsyncManagerIntegrationFilter@51c18845, org.springframework.security.web.context.SecurityContextPersistenceFilter@2c773f2b, org.springframework.security.web.header.HeaderWriterFilter@a3c66b8, org.springframework.security.web.authentication.logout.LogoutFilter@59ee7d8b, org.springframework.security.oauth2.client.web.OAuth2AuthorizationRequestRedirectFilter@5705f467, org.springframework.security.oauth2.client.web.OAuth2LoginAuthenticationFilter@5432410f, org.springframework.security.web.authentication.ui.DefaultLoginPageGeneratingFilter@48e590b5, org.springframework.security.web.authentication.ui.DefaultLogoutPageGeneratingFilter@21a4f8c3, org.springframework.security.web.savedrequest.RequestCacheAwareFilter@3d26f679, org.springframework.security.web.servletapi.SecurityContextHolderAwareRequestFilter@4badad2f, org.springframework.security.web.authentication.AnonymousAuthenticationFilter@1646a81b, org.springframework.security.web.session.SessionManagementFilter@8218c37, org.springframework.security.web.access.ExceptionTranslationFilter@12535688, org.springframework.security.web.access.intercept.FilterSecurityInterceptor@466a9946]
2020-03-04 20:41:54.923  INFO 25668 --- [    Test worker] o.s.s.concurrent.ThreadPoolTaskExecutor  : Initializing ExecutorService 'applicationTaskExecutor'
2020-03-04 20:41:54.987  WARN 25668 --- [    Test worker] aWebConfiguration$JpaWebMvcConfiguration : spring.jpa.open-in-view is enabled by default. Therefore, database queries may be performed during view rendering. Explicitly configure spring.jpa.open-in-view to disable this warning
2020-03-04 20:41:55.042  INFO 25668 --- [    Test worker] o.s.b.a.w.s.WelcomePageHandlerMapping    : Adding welcome page template: index
2020-03-04 20:41:55.672  INFO 25668 --- [    Test worker] s.a.ScheduledAnnotationBeanPostProcessor : No TaskScheduler/ScheduledExecutorService bean found for scheduled processing
2020-03-04 20:41:55.694  INFO 25668 --- [    Test worker] c.e.s.w.d.posts.PostsRepositoryTest      : Started PostsRepositoryTest in 6.577 seconds (JVM running for 7.799)
Hibernate: insert into posts (created_date, modified_date, author, content, title) values (?, ?, ?, ?, ?)
Hibernate: select posts0_.id as id1_0_, posts0_.created_date as created_2_0_, posts0_.modified_date as modified3_0_, posts0_.author as author4_0_, posts0_.content as content5_0_, posts0_.title as title6_0_ from posts posts0_
Hibernate: select posts0_.id as id1_0_, posts0_.created_date as created_2_0_, posts0_.modified_date as modified3_0_, posts0_.author as author4_0_, posts0_.content as content5_0_, posts0_.title as title6_0_ from posts posts0_
Hibernate: delete from posts where id=?
Hibernate: insert into posts (created_date, modified_date, author, content, title) values (?, ?, ?, ?, ?)
Hibernate: select posts0_.id as id1_0_, posts0_.created_date as created_2_0_, posts0_.modified_date as modified3_0_, posts0_.author as author4_0_, posts0_.content as content5_0_, posts0_.title as title6_0_ from posts posts0_
>>>> createDate=2020-03-04T20:41:56.005, moidifiedDate=2020-03-04T20:41:56.005
Hibernate: select posts0_.id as id1_0_, posts0_.created_date as created_2_0_, posts0_.modified_date as modified3_0_, posts0_.author as author4_0_, posts0_.content as content5_0_, posts0_.title as title6_0_ from posts posts0_
Hibernate: delete from posts where id=?
]]></system-out>
  <system-err><![CDATA[]]></system-err>
</testsuite>
