<?xml version="1.0" encoding="UTF-8"?>
<testsuite name="com.ex1.springboot.web.web.IndexControllerTest" tests="1" skipped="0" failures="0" errors="0" timestamp="2020-03-04T12:29:00" hostname="DESKTOP-OMGH11V" time="0.166">
  <properties/>
  <testcase name="메인페이지_로딩" classname="com.ex1.springboot.web.web.IndexControllerTest" time="0.166"/>
  <system-out><![CDATA[2020-03-04 21:29:00.637  INFO 30936 --- [    Test worker] .b.t.c.SpringBootTestContextBootstrapper : Neither @ContextConfiguration nor @ContextHierarchy found for test class [com.ex1.springboot.web.web.IndexControllerTest], using SpringBootContextLoader
2020-03-04 21:29:00.638  INFO 30936 --- [    Test worker] o.s.t.c.support.AbstractContextLoader    : Could not detect default resource locations for test class [com.ex1.springboot.web.web.IndexControllerTest]: no resource found for suffixes {-context.xml, Context.groovy}.
2020-03-04 21:29:00.639  INFO 30936 --- [    Test worker] t.c.s.AnnotationConfigContextLoaderUtils : Could not detect default configuration classes for test class [com.ex1.springboot.web.web.IndexControllerTest]: IndexControllerTest does not declare any static, non-private, non-final, nested classes annotated with @Configuration.
2020-03-04 21:29:00.640  INFO 30936 --- [    Test worker] .b.t.c.SpringBootTestContextBootstrapper : Found @SpringBootConfiguration com.ex1.springboot.Application for test class com.ex1.springboot.web.web.IndexControllerTest
2020-03-04 21:29:00.642  INFO 30936 --- [    Test worker] .b.t.c.SpringBootTestContextBootstrapper : Loaded default TestExecutionListener class names from location [META-INF/spring.factories]: [org.springframework.security.test.context.support.WithSecurityContextTestExecutionListener, org.springframework.security.test.context.support.ReactorContextTestExecutionListener, org.springframework.boot.test.autoconfigure.restdocs.RestDocsTestExecutionListener, org.springframework.boot.test.autoconfigure.web.client.MockRestServiceServerResetTestExecutionListener, org.springframework.boot.test.autoconfigure.web.servlet.MockMvcPrintOnlyOnFailureTestExecutionListener, org.springframework.boot.test.autoconfigure.web.servlet.WebDriverTestExecutionListener, org.springframework.boot.test.mock.mockito.MockitoTestExecutionListener, org.springframework.boot.test.mock.mockito.ResetMocksTestExecutionListener, org.springframework.test.context.web.ServletTestExecutionListener, org.springframework.test.context.support.DirtiesContextBeforeModesTestExecutionListener, org.springframework.test.context.support.DependencyInjectionTestExecutionListener, org.springframework.test.context.support.DirtiesContextTestExecutionListener, org.springframework.test.context.transaction.TransactionalTestExecutionListener, org.springframework.test.context.jdbc.SqlScriptsTestExecutionListener]
2020-03-04 21:29:00.643  INFO 30936 --- [    Test worker] .b.t.c.SpringBootTestContextBootstrapper : Using TestExecutionListeners: [org.springframework.test.context.web.ServletTestExecutionListener@36c299b8, org.springframework.test.context.support.DirtiesContextBeforeModesTestExecutionListener@1d83f5be, org.springframework.boot.test.mock.mockito.MockitoTestExecutionListener@5ffe4aae, org.springframework.boot.test.autoconfigure.SpringBootDependencyInjectionTestExecutionListener@7f267850, org.springframework.test.context.support.DirtiesContextTestExecutionListener@5d8b2155, org.springframework.test.context.transaction.TransactionalTestExecutionListener@5f27115f, org.springframework.test.context.jdbc.SqlScriptsTestExecutionListener@72218b2f, org.springframework.security.test.context.support.WithSecurityContextTestExecutionListener@3e8989c3, org.springframework.security.test.context.support.ReactorContextTestExecutionListener@3a8c96ce, org.springframework.boot.test.autoconfigure.restdocs.RestDocsTestExecutionListener@5d46d529, org.springframework.boot.test.autoconfigure.web.client.MockRestServiceServerResetTestExecutionListener@23c0555d, org.springframework.boot.test.autoconfigure.web.servlet.MockMvcPrintOnlyOnFailureTestExecutionListener@51f51777, org.springframework.boot.test.autoconfigure.web.servlet.WebDriverTestExecutionListener@f91c161, org.springframework.boot.test.mock.mockito.ResetMocksTestExecutionListener@6415b227]
2020-03-04 21:29:00.737  INFO 30936 --- [o-auto-1-exec-1] o.a.c.c.C.[Tomcat].[localhost].[/]       : Initializing Spring DispatcherServlet 'dispatcherServlet'
2020-03-04 21:29:00.738  INFO 30936 --- [o-auto-1-exec-1] o.s.web.servlet.DispatcherServlet        : Initializing Servlet 'dispatcherServlet'
2020-03-04 21:29:00.739  INFO 30936 --- [o-auto-1-exec-1] o.s.web.servlet.DispatcherServlet        : Completed initialization in 1 ms
Hibernate: select posts0_.id as id1_0_, posts0_.created_date as created_2_0_, posts0_.modified_date as modified3_0_, posts0_.author as author4_0_, posts0_.content as content5_0_, posts0_.title as title6_0_ from posts posts0_ order by posts0_.id DESC
]]></system-out>
  <system-err><![CDATA[]]></system-err>
</testsuite>
